Copyright 1986-2017 Xilinx, Inc. All Rights Reserved.
----------------------------------------------------------------------------------------------------------------------------------------------------------------------
| Tool Version     : Vivado v.2017.4 (win64) Build 2086221 Fri Dec 15 20:55:39 MST 2017
| Date             : Sun Mar 17 17:10:04 2019
| Host             : LAPTOP-P9DNLVP4 running 64-bit major release  (build 9200)
| Command          : report_power -file long_puf_wrapper_power_routed.rpt -pb long_puf_wrapper_power_summary_routed.pb -rpx long_puf_wrapper_power_routed.rpx
| Design           : long_puf_wrapper
| Device           : xc7z020clg400-1
| Design State     : routed
| Grade            : commercial
| Process          : typical
| Characterization : Production
----------------------------------------------------------------------------------------------------------------------------------------------------------------------

Power Report

Table of Contents
-----------------
1. Summary
1.1 On-Chip Components
1.2 Power Supply Summary
1.3 Confidence Level
2. Settings
2.1 Environment
2.2 Clock Constraints
3. Detailed Reports
3.1 By Hierarchy

1. Summary
----------

+--------------------------+--------------+
| Total On-Chip Power (W)  | 1.666        |
| Design Power Budget (W)  | Unspecified* |
| Power Budget Margin (W)  | NA           |
| Dynamic (W)              | 1.531        |
| Device Static (W)        | 0.136        |
| Effective TJA (C/W)      | 11.5         |
| Max Ambient (C)          | 65.8         |
| Junction Temperature (C) | 44.2         |
| Confidence Level         | Medium       |
| Setting File             | ---          |
| Simulation Activity File | ---          |
| Design Nets Matched      | NA           |
+--------------------------+--------------+
* Specify Design Power Budget using, set_operating_conditions -design_power_budget <value in Watts>


1.1 On-Chip Components
----------------------

+-------------------------+-----------+----------+-----------+-----------------+
| On-Chip                 | Power (W) | Used     | Available | Utilization (%) |
+-------------------------+-----------+----------+-----------+-----------------+
| Clocks                  |     0.002 |        3 |       --- |             --- |
| Slice Logic             |     0.001 |     2538 |       --- |             --- |
|   LUT as Logic          |     0.001 |     1147 |     53200 |            2.16 |
|   Register              |    <0.001 |      850 |    106400 |            0.80 |
|   CARRY4                |    <0.001 |       12 |     13300 |            0.09 |
|   F7/F8 Muxes           |    <0.001 |       30 |     53200 |            0.06 |
|   LUT as Shift Register |    <0.001 |       60 |     17400 |            0.34 |
|   Others                |     0.000 |      190 |       --- |             --- |
| Signals                 |     0.002 |     1858 |       --- |             --- |
| DSPs                    |    <0.001 |        2 |       220 |            0.91 |
| PS7                     |     1.525 |        1 |       --- |             --- |
| Static Power            |     0.136 |          |           |                 |
| Total                   |     1.666 |          |           |                 |
+-------------------------+-----------+----------+-----------+-----------------+


1.2 Power Supply Summary
------------------------

+-----------+-------------+-----------+-------------+------------+
| Source    | Voltage (V) | Total (A) | Dynamic (A) | Static (A) |
+-----------+-------------+-----------+-------------+------------+
| Vccint    |       1.000 |     0.020 |       0.005 |      0.015 |
| Vccaux    |       1.800 |     0.015 |       0.000 |      0.015 |
| Vcco33    |       3.300 |     0.000 |       0.000 |      0.000 |
| Vcco25    |       2.500 |     0.000 |       0.000 |      0.000 |
| Vcco18    |       1.800 |     0.000 |       0.000 |      0.000 |
| Vcco15    |       1.500 |     0.000 |       0.000 |      0.000 |
| Vcco135   |       1.350 |     0.000 |       0.000 |      0.000 |
| Vcco12    |       1.200 |     0.000 |       0.000 |      0.000 |
| Vccaux_io |       1.800 |     0.000 |       0.000 |      0.000 |
| Vccbram   |       1.000 |     0.001 |       0.000 |      0.001 |
| MGTAVcc   |       1.000 |     0.000 |       0.000 |      0.000 |
| MGTAVtt   |       1.200 |     0.000 |       0.000 |      0.000 |
| MGTVccaux |       1.800 |     0.000 |       0.000 |      0.000 |
| Vccpint   |       1.000 |     0.752 |       0.722 |      0.030 |
| Vccpaux   |       1.800 |     0.060 |       0.050 |      0.010 |
| Vccpll    |       1.800 |     0.018 |       0.015 |      0.003 |
| Vcco_ddr  |       1.500 |     0.459 |       0.457 |      0.002 |
| Vcco_mio0 |       1.800 |     0.000 |       0.000 |      0.000 |
| Vcco_mio1 |       1.800 |     0.000 |       0.000 |      0.000 |
| Vccadc    |       1.800 |     0.020 |       0.000 |      0.020 |
+-----------+-------------+-----------+-------------+------------+


1.3 Confidence Level
--------------------

+-----------------------------+------------+------------------------------------------------+------------------------------------------------------------------------------------------------------------+
| User Input Data             | Confidence | Details                                        | Action                                                                                                     |
+-----------------------------+------------+------------------------------------------------+------------------------------------------------------------------------------------------------------------+
| Design implementation state | High       | Design is routed                               |                                                                                                            |
| Clock nodes activity        | High       | User specified more than 95% of clocks         |                                                                                                            |
| I/O nodes activity          | High       | User specified more than 95% of inputs         |                                                                                                            |
| Internal nodes activity     | Medium     | User specified less than 25% of internal nodes | Provide missing internal nodes activity with simulation results or by editing the "By Resource Type" views |
| Device models               | High       | Device models are Production                   |                                                                                                            |
|                             |            |                                                |                                                                                                            |
| Overall confidence level    | Medium     |                                                |                                                                                                            |
+-----------------------------+------------+------------------------------------------------+------------------------------------------------------------------------------------------------------------+


2. Settings
-----------

2.1 Environment
---------------

+-----------------------+------------------------+
| Ambient Temp (C)      | 25.0                   |
| ThetaJA (C/W)         | 11.5                   |
| Airflow (LFM)         | 250                    |
| Heat Sink             | none                   |
| ThetaSA (C/W)         | 0.0                    |
| Board Selection       | medium (10"x10")       |
| # of Board Layers     | 8to11 (8 to 11 Layers) |
| Board Temperature (C) | 25.0                   |
+-----------------------+------------------------+


2.2 Clock Constraints
---------------------

+------------+-------------------------------------------------------------+-----------------+
| Clock      | Domain                                                      | Constraint (ns) |
+------------+-------------------------------------------------------------+-----------------+
| clk_fpga_0 | long_puf_i/processing_system7_0/inst/FCLK_CLK_unbuffered[0] |            20.0 |
+------------+-------------------------------------------------------------+-----------------+


3. Detailed Reports
-------------------

3.1 By Hierarchy
----------------

+--------------------------------------------------+-----------+
| Name                                             | Power (W) |
+--------------------------------------------------+-----------+
| long_puf_wrapper                                 |     1.531 |
|   long_puf_i                                     |     1.531 |
|     long_puf_0                                   |    <0.001 |
|       inst                                       |    <0.001 |
|         bottom0                                  |    <0.001 |
|           Tune                                   |    <0.001 |
|             Coarse[0].PC                         |    <0.001 |
|             Coarse[10].PC                        |    <0.001 |
|             Coarse[11].PC                        |    <0.001 |
|             Coarse[12].PC                        |    <0.001 |
|             Coarse[13].PC                        |    <0.001 |
|             Coarse[14].PC                        |    <0.001 |
|             Coarse[15].PC                        |    <0.001 |
|             Coarse[16].PC                        |    <0.001 |
|             Coarse[17].PC                        |    <0.001 |
|             Coarse[18].PC                        |    <0.001 |
|             Coarse[19].PC                        |    <0.001 |
|             Coarse[1].PC                         |    <0.001 |
|             Coarse[20].PC                        |    <0.001 |
|             Coarse[21].PC                        |    <0.001 |
|             Coarse[22].PC                        |    <0.001 |
|             Coarse[23].PC                        |    <0.001 |
|             Coarse[24].PC                        |    <0.001 |
|             Coarse[25].PC                        |    <0.001 |
|             Coarse[26].PC                        |    <0.001 |
|             Coarse[27].PC                        |    <0.001 |
|             Coarse[28].PC                        |    <0.001 |
|             Coarse[29].PC                        |    <0.001 |
|             Coarse[2].PC                         |    <0.001 |
|             Coarse[30].PC                        |    <0.001 |
|             Coarse[31].PC                        |    <0.001 |
|             Coarse[3].PC                         |    <0.001 |
|             Coarse[4].PC                         |    <0.001 |
|             Coarse[5].PC                         |    <0.001 |
|             Coarse[6].PC                         |    <0.001 |
|             Coarse[7].PC                         |    <0.001 |
|             Coarse[8].PC                         |    <0.001 |
|             Coarse[9].PC                         |    <0.001 |
|         bottom1                                  |    <0.001 |
|           Tune                                   |    <0.001 |
|             Coarse[0].PC                         |    <0.001 |
|             Coarse[10].PC                        |    <0.001 |
|             Coarse[11].PC                        |    <0.001 |
|             Coarse[12].PC                        |    <0.001 |
|             Coarse[13].PC                        |    <0.001 |
|             Coarse[14].PC                        |    <0.001 |
|             Coarse[15].PC                        |    <0.001 |
|             Coarse[16].PC                        |    <0.001 |
|             Coarse[17].PC                        |    <0.001 |
|             Coarse[18].PC                        |    <0.001 |
|             Coarse[19].PC                        |    <0.001 |
|             Coarse[1].PC                         |    <0.001 |
|             Coarse[20].PC                        |    <0.001 |
|             Coarse[21].PC                        |    <0.001 |
|             Coarse[22].PC                        |    <0.001 |
|             Coarse[23].PC                        |    <0.001 |
|             Coarse[24].PC                        |    <0.001 |
|             Coarse[25].PC                        |    <0.001 |
|             Coarse[26].PC                        |    <0.001 |
|             Coarse[27].PC                        |    <0.001 |
|             Coarse[28].PC                        |    <0.001 |
|             Coarse[29].PC                        |    <0.001 |
|             Coarse[2].PC                         |    <0.001 |
|             Coarse[30].PC                        |    <0.001 |
|             Coarse[31].PC                        |    <0.001 |
|             Coarse[3].PC                         |    <0.001 |
|             Coarse[4].PC                         |    <0.001 |
|             Coarse[5].PC                         |    <0.001 |
|             Coarse[6].PC                         |    <0.001 |
|             Coarse[7].PC                         |    <0.001 |
|             Coarse[8].PC                         |    <0.001 |
|             Coarse[9].PC                         |    <0.001 |
|         bottom2                                  |    <0.001 |
|           Tune                                   |    <0.001 |
|             Coarse[0].PC                         |    <0.001 |
|             Coarse[10].PC                        |    <0.001 |
|             Coarse[11].PC                        |    <0.001 |
|             Coarse[12].PC                        |    <0.001 |
|             Coarse[13].PC                        |    <0.001 |
|             Coarse[14].PC                        |    <0.001 |
|             Coarse[15].PC                        |    <0.001 |
|             Coarse[16].PC                        |    <0.001 |
|             Coarse[17].PC                        |    <0.001 |
|             Coarse[18].PC                        |    <0.001 |
|             Coarse[19].PC                        |    <0.001 |
|             Coarse[1].PC                         |    <0.001 |
|             Coarse[20].PC                        |    <0.001 |
|             Coarse[21].PC                        |    <0.001 |
|             Coarse[22].PC                        |    <0.001 |
|             Coarse[23].PC                        |    <0.001 |
|             Coarse[24].PC                        |    <0.001 |
|             Coarse[25].PC                        |    <0.001 |
|             Coarse[26].PC                        |    <0.001 |
|             Coarse[27].PC                        |    <0.001 |
|             Coarse[28].PC                        |    <0.001 |
|             Coarse[29].PC                        |    <0.001 |
|             Coarse[2].PC                         |    <0.001 |
|             Coarse[30].PC                        |    <0.001 |
|             Coarse[31].PC                        |    <0.001 |
|             Coarse[3].PC                         |    <0.001 |
|             Coarse[4].PC                         |    <0.001 |
|             Coarse[5].PC                         |    <0.001 |
|             Coarse[6].PC                         |    <0.001 |
|             Coarse[7].PC                         |    <0.001 |
|             Coarse[8].PC                         |    <0.001 |
|             Coarse[9].PC                         |    <0.001 |
|         bottom3                                  |    <0.001 |
|           Tune                                   |    <0.001 |
|             Coarse[0].PC                         |    <0.001 |
|             Coarse[10].PC                        |    <0.001 |
|             Coarse[11].PC                        |    <0.001 |
|             Coarse[12].PC                        |    <0.001 |
|             Coarse[13].PC                        |    <0.001 |
|             Coarse[14].PC                        |    <0.001 |
|             Coarse[15].PC                        |    <0.001 |
|             Coarse[16].PC                        |    <0.001 |
|             Coarse[17].PC                        |    <0.001 |
|             Coarse[18].PC                        |    <0.001 |
|             Coarse[19].PC                        |    <0.001 |
|             Coarse[1].PC                         |    <0.001 |
|             Coarse[20].PC                        |    <0.001 |
|             Coarse[21].PC                        |    <0.001 |
|             Coarse[22].PC                        |    <0.001 |
|             Coarse[23].PC                        |    <0.001 |
|             Coarse[24].PC                        |    <0.001 |
|             Coarse[25].PC                        |    <0.001 |
|             Coarse[26].PC                        |    <0.001 |
|             Coarse[27].PC                        |    <0.001 |
|             Coarse[28].PC                        |    <0.001 |
|             Coarse[29].PC                        |    <0.001 |
|             Coarse[2].PC                         |    <0.001 |
|             Coarse[30].PC                        |    <0.001 |
|             Coarse[31].PC                        |    <0.001 |
|             Coarse[3].PC                         |    <0.001 |
|             Coarse[4].PC                         |    <0.001 |
|             Coarse[5].PC                         |    <0.001 |
|             Coarse[6].PC                         |    <0.001 |
|             Coarse[7].PC                         |    <0.001 |
|             Coarse[8].PC                         |    <0.001 |
|             Coarse[9].PC                         |    <0.001 |
|         bottom4                                  |    <0.001 |
|           Tune                                   |    <0.001 |
|             Coarse[0].PC                         |    <0.001 |
|             Coarse[10].PC                        |    <0.001 |
|             Coarse[11].PC                        |    <0.001 |
|             Coarse[12].PC                        |    <0.001 |
|             Coarse[13].PC                        |    <0.001 |
|             Coarse[14].PC                        |    <0.001 |
|             Coarse[15].PC                        |    <0.001 |
|             Coarse[16].PC                        |    <0.001 |
|             Coarse[17].PC                        |    <0.001 |
|             Coarse[18].PC                        |    <0.001 |
|             Coarse[19].PC                        |    <0.001 |
|             Coarse[1].PC                         |    <0.001 |
|             Coarse[20].PC                        |    <0.001 |
|             Coarse[21].PC                        |    <0.001 |
|             Coarse[22].PC                        |    <0.001 |
|             Coarse[23].PC                        |    <0.001 |
|             Coarse[24].PC                        |    <0.001 |
|             Coarse[25].PC                        |    <0.001 |
|             Coarse[26].PC                        |    <0.001 |
|             Coarse[27].PC                        |    <0.001 |
|             Coarse[28].PC                        |    <0.001 |
|             Coarse[29].PC                        |    <0.001 |
|             Coarse[2].PC                         |    <0.001 |
|             Coarse[30].PC                        |    <0.001 |
|             Coarse[31].PC                        |    <0.001 |
|             Coarse[3].PC                         |    <0.001 |
|             Coarse[4].PC                         |    <0.001 |
|             Coarse[5].PC                         |    <0.001 |
|             Coarse[6].PC                         |    <0.001 |
|             Coarse[7].PC                         |    <0.001 |
|             Coarse[8].PC                         |    <0.001 |
|             Coarse[9].PC                         |    <0.001 |
|         bottom5                                  |    <0.001 |
|           Tune                                   |    <0.001 |
|             Coarse[0].PC                         |    <0.001 |
|             Coarse[10].PC                        |    <0.001 |
|             Coarse[11].PC                        |    <0.001 |
|             Coarse[12].PC                        |    <0.001 |
|             Coarse[13].PC                        |    <0.001 |
|             Coarse[14].PC                        |    <0.001 |
|             Coarse[15].PC                        |    <0.001 |
|             Coarse[16].PC                        |    <0.001 |
|             Coarse[17].PC                        |    <0.001 |
|             Coarse[18].PC                        |    <0.001 |
|             Coarse[19].PC                        |    <0.001 |
|             Coarse[1].PC                         |    <0.001 |
|             Coarse[20].PC                        |    <0.001 |
|             Coarse[21].PC                        |    <0.001 |
|             Coarse[22].PC                        |    <0.001 |
|             Coarse[23].PC                        |    <0.001 |
|             Coarse[24].PC                        |    <0.001 |
|             Coarse[25].PC                        |    <0.001 |
|             Coarse[26].PC                        |    <0.001 |
|             Coarse[27].PC                        |    <0.001 |
|             Coarse[28].PC                        |    <0.001 |
|             Coarse[29].PC                        |    <0.001 |
|             Coarse[2].PC                         |    <0.001 |
|             Coarse[30].PC                        |    <0.001 |
|             Coarse[31].PC                        |    <0.001 |
|             Coarse[3].PC                         |    <0.001 |
|             Coarse[4].PC                         |    <0.001 |
|             Coarse[5].PC                         |    <0.001 |
|             Coarse[6].PC                         |    <0.001 |
|             Coarse[7].PC                         |    <0.001 |
|             Coarse[8].PC                         |    <0.001 |
|             Coarse[9].PC                         |    <0.001 |
|         bottom6                                  |    <0.001 |
|           Tune                                   |    <0.001 |
|             Coarse[0].PC                         |    <0.001 |
|             Coarse[10].PC                        |    <0.001 |
|             Coarse[11].PC                        |    <0.001 |
|             Coarse[12].PC                        |    <0.001 |
|             Coarse[13].PC                        |    <0.001 |
|             Coarse[14].PC                        |    <0.001 |
|             Coarse[15].PC                        |    <0.001 |
|             Coarse[16].PC                        |    <0.001 |
|             Coarse[17].PC                        |    <0.001 |
|             Coarse[18].PC                        |    <0.001 |
|             Coarse[19].PC                        |    <0.001 |
|             Coarse[1].PC                         |    <0.001 |
|             Coarse[20].PC                        |    <0.001 |
|             Coarse[21].PC                        |    <0.001 |
|             Coarse[22].PC                        |    <0.001 |
|             Coarse[23].PC                        |    <0.001 |
|             Coarse[24].PC                        |    <0.001 |
|             Coarse[25].PC                        |    <0.001 |
|             Coarse[26].PC                        |    <0.001 |
|             Coarse[27].PC                        |    <0.001 |
|             Coarse[28].PC                        |    <0.001 |
|             Coarse[29].PC                        |    <0.001 |
|             Coarse[2].PC                         |    <0.001 |
|             Coarse[30].PC                        |    <0.001 |
|             Coarse[31].PC                        |    <0.001 |
|             Coarse[3].PC                         |    <0.001 |
|             Coarse[4].PC                         |    <0.001 |
|             Coarse[5].PC                         |    <0.001 |
|             Coarse[6].PC                         |    <0.001 |
|             Coarse[7].PC                         |    <0.001 |
|             Coarse[8].PC                         |    <0.001 |
|             Coarse[9].PC                         |    <0.001 |
|         bottom7                                  |    <0.001 |
|           Tune                                   |    <0.001 |
|             Coarse[0].PC                         |    <0.001 |
|             Coarse[10].PC                        |    <0.001 |
|             Coarse[11].PC                        |    <0.001 |
|             Coarse[12].PC                        |    <0.001 |
|             Coarse[13].PC                        |    <0.001 |
|             Coarse[14].PC                        |    <0.001 |
|             Coarse[15].PC                        |    <0.001 |
|             Coarse[16].PC                        |    <0.001 |
|             Coarse[17].PC                        |    <0.001 |
|             Coarse[18].PC                        |    <0.001 |
|             Coarse[19].PC                        |    <0.001 |
|             Coarse[1].PC                         |    <0.001 |
|             Coarse[20].PC                        |    <0.001 |
|             Coarse[21].PC                        |    <0.001 |
|             Coarse[22].PC                        |    <0.001 |
|             Coarse[23].PC                        |    <0.001 |
|             Coarse[24].PC                        |    <0.001 |
|             Coarse[25].PC                        |    <0.001 |
|             Coarse[26].PC                        |    <0.001 |
|             Coarse[27].PC                        |    <0.001 |
|             Coarse[28].PC                        |    <0.001 |
|             Coarse[29].PC                        |    <0.001 |
|             Coarse[2].PC                         |    <0.001 |
|             Coarse[30].PC                        |    <0.001 |
|             Coarse[31].PC                        |    <0.001 |
|             Coarse[3].PC                         |    <0.001 |
|             Coarse[4].PC                         |    <0.001 |
|             Coarse[5].PC                         |    <0.001 |
|             Coarse[6].PC                         |    <0.001 |
|             Coarse[7].PC                         |    <0.001 |
|             Coarse[8].PC                         |    <0.001 |
|             Coarse[9].PC                         |    <0.001 |
|         top0                                     |    <0.001 |
|           Tune                                   |    <0.001 |
|             Coarse[0].PC                         |    <0.001 |
|             Coarse[10].PC                        |    <0.001 |
|             Coarse[11].PC                        |    <0.001 |
|             Coarse[12].PC                        |    <0.001 |
|             Coarse[13].PC                        |    <0.001 |
|             Coarse[14].PC                        |    <0.001 |
|             Coarse[15].PC                        |    <0.001 |
|             Coarse[16].PC                        |    <0.001 |
|             Coarse[17].PC                        |    <0.001 |
|             Coarse[18].PC                        |    <0.001 |
|             Coarse[19].PC                        |    <0.001 |
|             Coarse[1].PC                         |    <0.001 |
|             Coarse[20].PC                        |    <0.001 |
|             Coarse[21].PC                        |    <0.001 |
|             Coarse[22].PC                        |    <0.001 |
|             Coarse[23].PC                        |    <0.001 |
|             Coarse[24].PC                        |    <0.001 |
|             Coarse[25].PC                        |    <0.001 |
|             Coarse[26].PC                        |    <0.001 |
|             Coarse[27].PC                        |    <0.001 |
|             Coarse[28].PC                        |    <0.001 |
|             Coarse[29].PC                        |    <0.001 |
|             Coarse[2].PC                         |    <0.001 |
|             Coarse[30].PC                        |    <0.001 |
|             Coarse[31].PC                        |    <0.001 |
|             Coarse[3].PC                         |    <0.001 |
|             Coarse[4].PC                         |    <0.001 |
|             Coarse[5].PC                         |    <0.001 |
|             Coarse[6].PC                         |    <0.001 |
|             Coarse[7].PC                         |    <0.001 |
|             Coarse[8].PC                         |    <0.001 |
|             Coarse[9].PC                         |    <0.001 |
|         top1                                     |    <0.001 |
|           Tune                                   |    <0.001 |
|             Coarse[0].PC                         |    <0.001 |
|             Coarse[10].PC                        |    <0.001 |
|             Coarse[11].PC                        |    <0.001 |
|             Coarse[12].PC                        |    <0.001 |
|             Coarse[13].PC                        |    <0.001 |
|             Coarse[14].PC                        |    <0.001 |
|             Coarse[15].PC                        |    <0.001 |
|             Coarse[16].PC                        |    <0.001 |
|             Coarse[17].PC                        |    <0.001 |
|             Coarse[18].PC                        |    <0.001 |
|             Coarse[19].PC                        |    <0.001 |
|             Coarse[1].PC                         |    <0.001 |
|             Coarse[20].PC                        |    <0.001 |
|             Coarse[21].PC                        |    <0.001 |
|             Coarse[22].PC                        |    <0.001 |
|             Coarse[23].PC                        |    <0.001 |
|             Coarse[24].PC                        |    <0.001 |
|             Coarse[25].PC                        |    <0.001 |
|             Coarse[26].PC                        |    <0.001 |
|             Coarse[27].PC                        |    <0.001 |
|             Coarse[28].PC                        |    <0.001 |
|             Coarse[29].PC                        |    <0.001 |
|             Coarse[2].PC                         |    <0.001 |
|             Coarse[30].PC                        |    <0.001 |
|             Coarse[31].PC                        |    <0.001 |
|             Coarse[3].PC                         |    <0.001 |
|             Coarse[4].PC                         |    <0.001 |
|             Coarse[5].PC                         |    <0.001 |
|             Coarse[6].PC                         |    <0.001 |
|             Coarse[7].PC                         |    <0.001 |
|             Coarse[8].PC                         |    <0.001 |
|             Coarse[9].PC                         |    <0.001 |
|         top2                                     |    <0.001 |
|           Tune                                   |    <0.001 |
|             Coarse[0].PC                         |    <0.001 |
|             Coarse[10].PC                        |    <0.001 |
|             Coarse[11].PC                        |    <0.001 |
|             Coarse[12].PC                        |    <0.001 |
|             Coarse[13].PC                        |    <0.001 |
|             Coarse[14].PC                        |    <0.001 |
|             Coarse[15].PC                        |    <0.001 |
|             Coarse[16].PC                        |    <0.001 |
|             Coarse[17].PC                        |    <0.001 |
|             Coarse[18].PC                        |    <0.001 |
|             Coarse[19].PC                        |    <0.001 |
|             Coarse[1].PC                         |    <0.001 |
|             Coarse[20].PC                        |    <0.001 |
|             Coarse[21].PC                        |    <0.001 |
|             Coarse[22].PC                        |    <0.001 |
|             Coarse[23].PC                        |    <0.001 |
|             Coarse[24].PC                        |    <0.001 |
|             Coarse[25].PC                        |    <0.001 |
|             Coarse[26].PC                        |    <0.001 |
|             Coarse[27].PC                        |    <0.001 |
|             Coarse[28].PC                        |    <0.001 |
|             Coarse[29].PC                        |    <0.001 |
|             Coarse[2].PC                         |    <0.001 |
|             Coarse[30].PC                        |    <0.001 |
|             Coarse[31].PC                        |    <0.001 |
|             Coarse[3].PC                         |    <0.001 |
|             Coarse[4].PC                         |    <0.001 |
|             Coarse[5].PC                         |    <0.001 |
|             Coarse[6].PC                         |    <0.001 |
|             Coarse[7].PC                         |    <0.001 |
|             Coarse[8].PC                         |    <0.001 |
|             Coarse[9].PC                         |    <0.001 |
|         top3                                     |    <0.001 |
|           Tune                                   |    <0.001 |
|             Coarse[0].PC                         |    <0.001 |
|             Coarse[10].PC                        |    <0.001 |
|             Coarse[11].PC                        |    <0.001 |
|             Coarse[12].PC                        |    <0.001 |
|             Coarse[13].PC                        |    <0.001 |
|             Coarse[14].PC                        |    <0.001 |
|             Coarse[15].PC                        |    <0.001 |
|             Coarse[16].PC                        |    <0.001 |
|             Coarse[17].PC                        |    <0.001 |
|             Coarse[18].PC                        |    <0.001 |
|             Coarse[19].PC                        |    <0.001 |
|             Coarse[1].PC                         |    <0.001 |
|             Coarse[20].PC                        |    <0.001 |
|             Coarse[21].PC                        |    <0.001 |
|             Coarse[22].PC                        |    <0.001 |
|             Coarse[23].PC                        |    <0.001 |
|             Coarse[24].PC                        |    <0.001 |
|             Coarse[25].PC                        |    <0.001 |
|             Coarse[26].PC                        |    <0.001 |
|             Coarse[27].PC                        |    <0.001 |
|             Coarse[28].PC                        |    <0.001 |
|             Coarse[29].PC                        |    <0.001 |
|             Coarse[2].PC                         |    <0.001 |
|             Coarse[30].PC                        |    <0.001 |
|             Coarse[31].PC                        |    <0.001 |
|             Coarse[3].PC                         |    <0.001 |
|             Coarse[4].PC                         |    <0.001 |
|             Coarse[5].PC                         |    <0.001 |
|             Coarse[6].PC                         |    <0.001 |
|             Coarse[7].PC                         |    <0.001 |
|             Coarse[8].PC                         |    <0.001 |
|             Coarse[9].PC                         |    <0.001 |
|         top4                                     |    <0.001 |
|           Tune                                   |    <0.001 |
|             Coarse[0].PC                         |    <0.001 |
|             Coarse[10].PC                        |    <0.001 |
|             Coarse[11].PC                        |    <0.001 |
|             Coarse[12].PC                        |    <0.001 |
|             Coarse[13].PC                        |    <0.001 |
|             Coarse[14].PC                        |    <0.001 |
|             Coarse[15].PC                        |    <0.001 |
|             Coarse[16].PC                        |    <0.001 |
|             Coarse[17].PC                        |    <0.001 |
|             Coarse[18].PC                        |    <0.001 |
|             Coarse[19].PC                        |    <0.001 |
|             Coarse[1].PC                         |    <0.001 |
|             Coarse[20].PC                        |    <0.001 |
|             Coarse[21].PC                        |    <0.001 |
|             Coarse[22].PC                        |    <0.001 |
|             Coarse[23].PC                        |    <0.001 |
|             Coarse[24].PC                        |    <0.001 |
|             Coarse[25].PC                        |    <0.001 |
|             Coarse[26].PC                        |    <0.001 |
|             Coarse[27].PC                        |    <0.001 |
|             Coarse[28].PC                        |    <0.001 |
|             Coarse[29].PC                        |    <0.001 |
|             Coarse[2].PC                         |    <0.001 |
|             Coarse[30].PC                        |    <0.001 |
|             Coarse[31].PC                        |    <0.001 |
|             Coarse[3].PC                         |    <0.001 |
|             Coarse[4].PC                         |    <0.001 |
|             Coarse[5].PC                         |    <0.001 |
|             Coarse[6].PC                         |    <0.001 |
|             Coarse[7].PC                         |    <0.001 |
|             Coarse[8].PC                         |    <0.001 |
|             Coarse[9].PC                         |    <0.001 |
|         top5                                     |    <0.001 |
|           Tune                                   |    <0.001 |
|             Coarse[0].PC                         |    <0.001 |
|             Coarse[10].PC                        |    <0.001 |
|             Coarse[11].PC                        |    <0.001 |
|             Coarse[12].PC                        |    <0.001 |
|             Coarse[13].PC                        |    <0.001 |
|             Coarse[14].PC                        |    <0.001 |
|             Coarse[15].PC                        |    <0.001 |
|             Coarse[16].PC                        |    <0.001 |
|             Coarse[17].PC                        |    <0.001 |
|             Coarse[18].PC                        |    <0.001 |
|             Coarse[19].PC                        |    <0.001 |
|             Coarse[1].PC                         |    <0.001 |
|             Coarse[20].PC                        |    <0.001 |
|             Coarse[21].PC                        |    <0.001 |
|             Coarse[22].PC                        |    <0.001 |
|             Coarse[23].PC                        |    <0.001 |
|             Coarse[24].PC                        |    <0.001 |
|             Coarse[25].PC                        |    <0.001 |
|             Coarse[26].PC                        |    <0.001 |
|             Coarse[27].PC                        |    <0.001 |
|             Coarse[28].PC                        |    <0.001 |
|             Coarse[29].PC                        |    <0.001 |
|             Coarse[2].PC                         |    <0.001 |
|             Coarse[30].PC                        |    <0.001 |
|             Coarse[31].PC                        |    <0.001 |
|             Coarse[3].PC                         |    <0.001 |
|             Coarse[4].PC                         |    <0.001 |
|             Coarse[5].PC                         |    <0.001 |
|             Coarse[6].PC                         |    <0.001 |
|             Coarse[7].PC                         |    <0.001 |
|             Coarse[8].PC                         |    <0.001 |
|             Coarse[9].PC                         |    <0.001 |
|         top6                                     |    <0.001 |
|           Tune                                   |    <0.001 |
|             Coarse[0].PC                         |    <0.001 |
|             Coarse[10].PC                        |    <0.001 |
|             Coarse[11].PC                        |    <0.001 |
|             Coarse[12].PC                        |    <0.001 |
|             Coarse[13].PC                        |    <0.001 |
|             Coarse[14].PC                        |    <0.001 |
|             Coarse[15].PC                        |    <0.001 |
|             Coarse[16].PC                        |    <0.001 |
|             Coarse[17].PC                        |    <0.001 |
|             Coarse[18].PC                        |    <0.001 |
|             Coarse[19].PC                        |    <0.001 |
|             Coarse[1].PC                         |    <0.001 |
|             Coarse[20].PC                        |    <0.001 |
|             Coarse[21].PC                        |    <0.001 |
|             Coarse[22].PC                        |    <0.001 |
|             Coarse[23].PC                        |    <0.001 |
|             Coarse[24].PC                        |    <0.001 |
|             Coarse[25].PC                        |    <0.001 |
|             Coarse[26].PC                        |    <0.001 |
|             Coarse[27].PC                        |    <0.001 |
|             Coarse[28].PC                        |    <0.001 |
|             Coarse[29].PC                        |    <0.001 |
|             Coarse[2].PC                         |    <0.001 |
|             Coarse[30].PC                        |    <0.001 |
|             Coarse[31].PC                        |    <0.001 |
|             Coarse[3].PC                         |    <0.001 |
|             Coarse[4].PC                         |    <0.001 |
|             Coarse[5].PC                         |    <0.001 |
|             Coarse[6].PC                         |    <0.001 |
|             Coarse[7].PC                         |    <0.001 |
|             Coarse[8].PC                         |    <0.001 |
|             Coarse[9].PC                         |    <0.001 |
|         top7                                     |    <0.001 |
|           Tune                                   |    <0.001 |
|             Coarse[0].PC                         |    <0.001 |
|             Coarse[10].PC                        |    <0.001 |
|             Coarse[11].PC                        |    <0.001 |
|             Coarse[12].PC                        |    <0.001 |
|             Coarse[13].PC                        |    <0.001 |
|             Coarse[14].PC                        |    <0.001 |
|             Coarse[15].PC                        |    <0.001 |
|             Coarse[16].PC                        |    <0.001 |
|             Coarse[17].PC                        |    <0.001 |
|             Coarse[18].PC                        |    <0.001 |
|             Coarse[19].PC                        |    <0.001 |
|             Coarse[1].PC                         |    <0.001 |
|             Coarse[20].PC                        |    <0.001 |
|             Coarse[21].PC                        |    <0.001 |
|             Coarse[22].PC                        |    <0.001 |
|             Coarse[23].PC                        |    <0.001 |
|             Coarse[24].PC                        |    <0.001 |
|             Coarse[25].PC                        |    <0.001 |
|             Coarse[26].PC                        |    <0.001 |
|             Coarse[27].PC                        |    <0.001 |
|             Coarse[28].PC                        |    <0.001 |
|             Coarse[29].PC                        |    <0.001 |
|             Coarse[2].PC                         |    <0.001 |
|             Coarse[30].PC                        |    <0.001 |
|             Coarse[31].PC                        |    <0.001 |
|             Coarse[3].PC                         |    <0.001 |
|             Coarse[4].PC                         |    <0.001 |
|             Coarse[5].PC                         |    <0.001 |
|             Coarse[6].PC                         |    <0.001 |
|             Coarse[7].PC                         |    <0.001 |
|             Coarse[8].PC                         |    <0.001 |
|             Coarse[9].PC                         |    <0.001 |
|     long_puf_axi_interface_0                     |     0.001 |
|       U0                                         |     0.001 |
|         long_puf_axi_interface_AXILiteS_s_axi_U  |     0.001 |
|     processing_system7_0                         |     1.526 |
|       inst                                       |     1.526 |
|     ps7_0_axi_periph                             |     0.003 |
|       s00_couplers                               |     0.003 |
|         auto_pc                                  |     0.003 |
|           inst                                   |     0.003 |
|             gen_axilite.gen_b2s_conv.axilite_b2s |     0.003 |
|               RD.ar_channel_0                    |    <0.001 |
|                 ar_cmd_fsm_0                     |    <0.001 |
|                 cmd_translator_0                 |    <0.001 |
|                   incr_cmd_0                     |    <0.001 |
|                   wrap_cmd_0                     |    <0.001 |
|               RD.r_channel_0                     |    <0.001 |
|                 rd_data_fifo_0                   |    <0.001 |
|                 transaction_fifo_0               |    <0.001 |
|               SI_REG                             |    <0.001 |
|                 ar.ar_pipe                       |    <0.001 |
|                 aw.aw_pipe                       |    <0.001 |
|                 b.b_pipe                         |    <0.001 |
|                 r.r_pipe                         |    <0.001 |
|               WR.aw_channel_0                    |    <0.001 |
|                 aw_cmd_fsm_0                     |    <0.001 |
|                 cmd_translator_0                 |    <0.001 |
|                   incr_cmd_0                     |    <0.001 |
|                   wrap_cmd_0                     |    <0.001 |
|               WR.b_channel_0                     |    <0.001 |
|                 bid_fifo_0                       |    <0.001 |
|                 bresp_fifo_0                     |    <0.001 |
|     rst_ps7_0_50M                                |    <0.001 |
|       U0                                         |    <0.001 |
|         EXT_LPF                                  |    <0.001 |
|           ACTIVE_LOW_AUX.ACT_LO_AUX              |    <0.001 |
|           ACTIVE_LOW_EXT.ACT_LO_EXT              |    <0.001 |
|         SEQ                                      |    <0.001 |
|           SEQ_COUNTER                            |    <0.001 |
+--------------------------------------------------+-----------+


