
*** Running vivado
    with args -log long_puf_long_puf_0_0.vds -m64 -product Vivado -mode batch -messageDb vivado.pb -notrace -source long_puf_long_puf_0_0.tcl


****** Vivado v2017.4 (64-bit)
  **** SW Build 2086221 on Fri Dec 15 20:55:39 MST 2017
  **** IP Build 2085800 on Fri Dec 15 22:25:07 MST 2017
    ** Copyright 1986-2017 Xilinx, Inc. All Rights Reserved.

source long_puf_long_puf_0_0.tcl -notrace
Command: synth_design -top long_puf_long_puf_0_0 -part xc7z020clg400-1 -mode out_of_context
Starting synth_design
Attempting to get a license for feature 'Synthesis' and/or device 'xc7z020'
INFO: [Common 17-349] Got license for feature 'Synthesis' and/or device 'xc7z020'
INFO: Launching helper process for spawning children vivado processes
INFO: Helper process launched with PID 6264 
---------------------------------------------------------------------------------
Starting RTL Elaboration : Time (s): cpu = 00:00:08 ; elapsed = 00:00:10 . Memory (MB): peak = 407.641 ; gain = 100.520
---------------------------------------------------------------------------------
INFO: [Synth 8-638] synthesizing module 'long_puf_long_puf_0_0' [c:/Users/Mayunk/Desktop/ECE268/long_puf/long_puf.srcs/sources_1/bd/long_puf/ip/long_puf_long_puf_0_0/synth/long_puf_long_puf_0_0.v:57]
INFO: [Synth 8-638] synthesizing module 'PUF' [c:/Users/Mayunk/Desktop/ECE268/long_puf/long_puf.srcs/sources_1/bd/long_puf/ipshared/18f8/PUF_v2.v:1]
	Parameter N bound to: 4 - type: integer 
	Parameter k bound to: 3 - type: integer 
INFO: [Synth 8-5534] Detected attribute (* KEEP_HIERARCHY = "TRUE" *) [c:/Users/Mayunk/Desktop/ECE268/long_puf/long_puf.srcs/sources_1/bd/long_puf/ipshared/18f8/PUF_v2.v:21]
INFO: [Synth 8-5534] Detected attribute (* use_dsp48 = "yes" *) [c:/Users/Mayunk/Desktop/ECE268/long_puf/long_puf.srcs/sources_1/bd/long_puf/ipshared/18f8/PUF_v2.v:21]
WARNING: [Synth 8-5974] attribute "use_dsp48" has been deprecated, please use "use_dsp" instead 
WARNING: [Synth 8-5974] attribute "use_dsp48" has been deprecated, please use "use_dsp" instead 
WARNING: [Synth 8-567] referenced signal 'challenge1' should be on the sensitivity list [c:/Users/Mayunk/Desktop/ECE268/long_puf/long_puf.srcs/sources_1/bd/long_puf/ipshared/18f8/PUF_v2.v:23]
WARNING: [Synth 8-567] referenced signal 'challenge2' should be on the sensitivity list [c:/Users/Mayunk/Desktop/ECE268/long_puf/long_puf.srcs/sources_1/bd/long_puf/ipshared/18f8/PUF_v2.v:23]
INFO: [Synth 8-638] synthesizing module 'PUF_unit_v2' [c:/Users/Mayunk/Desktop/ECE268/long_puf/long_puf.srcs/sources_1/bd/long_puf/ipshared/18f8/PUF_unit_v2.v:1]
	Parameter N bound to: 32 - type: integer 
INFO: [Synth 8-638] synthesizing module 'Coarse_Tune_v2' [c:/Users/Mayunk/Desktop/ECE268/long_puf/long_puf.srcs/sources_1/bd/long_puf/ipshared/18f8/Coarse_Tune_v2.v:22]
	Parameter N bound to: 32 - type: integer 
INFO: [Synth 8-5534] Detected attribute (* KEEP = "TRUE" *) [c:/Users/Mayunk/Desktop/ECE268/long_puf/long_puf.srcs/sources_1/bd/long_puf/ipshared/18f8/Coarse_Tune_v2.v:24]
INFO: [Synth 8-638] synthesizing module 'PDL_Coarse' [c:/Users/Mayunk/Desktop/ECE268/long_puf/long_puf.srcs/sources_1/bd/long_puf/ipshared/18f8/PDL_coarse.v:1]
INFO: [Synth 8-5534] Detected attribute (* KEEP = "TRUE" *) [c:/Users/Mayunk/Desktop/ECE268/long_puf/long_puf.srcs/sources_1/bd/long_puf/ipshared/18f8/PDL_coarse.v:2]
INFO: [Synth 8-5534] Detected attribute (* KEEP = "TRUE" *) [c:/Users/Mayunk/Desktop/ECE268/long_puf/long_puf.srcs/sources_1/bd/long_puf/ipshared/18f8/PDL_coarse.v:3]
INFO: [Synth 8-5534] Detected attribute (* KEEP = "TRUE" *) [c:/Users/Mayunk/Desktop/ECE268/long_puf/long_puf.srcs/sources_1/bd/long_puf/ipshared/18f8/PDL_coarse.v:4]
INFO: [Synth 8-638] synthesizing module 'LUT6' [D:/Xilinx/Vivado/2017.4/scripts/rt/data/unisim_comp.v:25666]
	Parameter INIT bound to: 64'b0101010111010101010101010101010101010101010101010101010101010101 
INFO: [Synth 8-256] done synthesizing module 'LUT6' (1#1) [D:/Xilinx/Vivado/2017.4/scripts/rt/data/unisim_comp.v:25666]
INFO: [Synth 8-256] done synthesizing module 'PDL_Coarse' (2#1) [c:/Users/Mayunk/Desktop/ECE268/long_puf/long_puf.srcs/sources_1/bd/long_puf/ipshared/18f8/PDL_coarse.v:1]
INFO: [Synth 8-256] done synthesizing module 'Coarse_Tune_v2' (3#1) [c:/Users/Mayunk/Desktop/ECE268/long_puf/long_puf.srcs/sources_1/bd/long_puf/ipshared/18f8/Coarse_Tune_v2.v:22]
INFO: [Synth 8-256] done synthesizing module 'PUF_unit_v2' (4#1) [c:/Users/Mayunk/Desktop/ECE268/long_puf/long_puf.srcs/sources_1/bd/long_puf/ipshared/18f8/PUF_unit_v2.v:1]
INFO: [Synth 8-638] synthesizing module 'FD' [D:/Xilinx/Vivado/2017.4/scripts/rt/data/unisim_comp.v:3723]
	Parameter INIT bound to: 1'b0 
INFO: [Synth 8-256] done synthesizing module 'FD' (5#1) [D:/Xilinx/Vivado/2017.4/scripts/rt/data/unisim_comp.v:3723]
INFO: [Synth 8-256] done synthesizing module 'PUF' (6#1) [c:/Users/Mayunk/Desktop/ECE268/long_puf/long_puf.srcs/sources_1/bd/long_puf/ipshared/18f8/PUF_v2.v:1]
INFO: [Synth 8-256] done synthesizing module 'long_puf_long_puf_0_0' (7#1) [c:/Users/Mayunk/Desktop/ECE268/long_puf/long_puf.srcs/sources_1/bd/long_puf/ip/long_puf_long_puf_0_0/synth/long_puf_long_puf_0_0.v:57]
WARNING: [Synth 8-3331] design PUF has unconnected port start
---------------------------------------------------------------------------------
Finished RTL Elaboration : Time (s): cpu = 00:00:09 ; elapsed = 00:00:12 . Memory (MB): peak = 459.734 ; gain = 152.613
---------------------------------------------------------------------------------

Report Check Netlist: 
+------+------------------+-------+---------+-------+------------------+
|      |Item              |Errors |Warnings |Status |Description       |
+------+------------------+-------+---------+-------+------------------+
|1     |multi_driven_nets |      0|        0|Passed |Multi driven nets |
+------+------------------+-------+---------+-------+------------------+
---------------------------------------------------------------------------------
Finished RTL Optimization Phase 1 : Time (s): cpu = 00:00:09 ; elapsed = 00:00:12 . Memory (MB): peak = 459.734 ; gain = 152.613
---------------------------------------------------------------------------------
INFO: [Netlist 29-17] Analyzing 8 Unisim elements for replacement
INFO: [Netlist 29-28] Unisim Transformation completed in 0 CPU seconds
INFO: [Device 21-403] Loading part xc7z020clg400-1
INFO: [Project 1-570] Preparing netlist for logic optimization

Processing XDC Constraints
Initializing timing engine
Completed Processing XDC Constraints

INFO: [Project 1-111] Unisim Transformation Summary:
  A total of 8 instances were transformed.
  FD => FDRE: 8 instances

Constraint Validation Runtime : Time (s): cpu = 00:00:01 ; elapsed = 00:00:00.070 . Memory (MB): peak = 806.148 ; gain = 0.000
---------------------------------------------------------------------------------
Finished Constraint Validation : Time (s): cpu = 00:00:27 ; elapsed = 00:00:43 . Memory (MB): peak = 806.148 ; gain = 499.027
---------------------------------------------------------------------------------
---------------------------------------------------------------------------------
Start Loading Part and Timing Information
---------------------------------------------------------------------------------
Loading part: xc7z020clg400-1
---------------------------------------------------------------------------------
Finished Loading Part and Timing Information : Time (s): cpu = 00:00:27 ; elapsed = 00:00:43 . Memory (MB): peak = 806.148 ; gain = 499.027
---------------------------------------------------------------------------------
---------------------------------------------------------------------------------
Start Applying 'set_property' XDC Constraints
---------------------------------------------------------------------------------
---------------------------------------------------------------------------------
Finished applying 'set_property' XDC Constraints : Time (s): cpu = 00:00:27 ; elapsed = 00:00:43 . Memory (MB): peak = 806.148 ; gain = 499.027
---------------------------------------------------------------------------------
---------------------------------------------------------------------------------
Finished RTL Optimization Phase 2 : Time (s): cpu = 00:00:27 ; elapsed = 00:00:43 . Memory (MB): peak = 806.148 ; gain = 499.027
---------------------------------------------------------------------------------

Report RTL Partitions: 
+-+--------------+------------+----------+
| |RTL Partition |Replication |Instances |
+-+--------------+------------+----------+
+-+--------------+------------+----------+
---------------------------------------------------------------------------------
Start RTL Component Statistics 
---------------------------------------------------------------------------------
Detailed RTL Component Info : 
---------------------------------------------------------------------------------
Finished RTL Component Statistics 
---------------------------------------------------------------------------------
---------------------------------------------------------------------------------
Start RTL Hierarchical Component Statistics 
---------------------------------------------------------------------------------
Hierarchical RTL Component report 
---------------------------------------------------------------------------------
Finished RTL Hierarchical Component Statistics
---------------------------------------------------------------------------------
---------------------------------------------------------------------------------
Start Part Resource Summary
---------------------------------------------------------------------------------
Part Resources:
DSPs: 220 (col length:60)
BRAMs: 280 (col length: RAMB18 60 RAMB36 30)
---------------------------------------------------------------------------------
Finished Part Resource Summary
---------------------------------------------------------------------------------
---------------------------------------------------------------------------------
Start Cross Boundary and Area Optimization
---------------------------------------------------------------------------------
DSP Report: Generating DSP inst/in0, operation Mode is: A*B.
DSP Report: operator inst/in0 is absorbed into DSP inst/in0.
DSP Report: Generating DSP inst/in0, operation Mode is: A*B.
DSP Report: operator inst/in0 is absorbed into DSP inst/in0.
WARNING: [Synth 8-3331] design long_puf_long_puf_0_0 has unconnected port start
---------------------------------------------------------------------------------
Finished Cross Boundary and Area Optimization : Time (s): cpu = 00:00:33 ; elapsed = 00:00:59 . Memory (MB): peak = 806.148 ; gain = 499.027
---------------------------------------------------------------------------------
---------------------------------------------------------------------------------
Start ROM, RAM, DSP and Shift Register Reporting
---------------------------------------------------------------------------------

DSP: Preliminary Mapping  Report (see note below)
+------------+-------------+--------+--------+--------+--------+--------+------+------+------+------+-------+------+------+
|Module Name | DSP Mapping | A Size | B Size | C Size | D Size | P Size | AREG | BREG | CREG | DREG | ADREG | MREG | PREG | 
+------------+-------------+--------+--------+--------+--------+--------+------+------+------+------+-------+------+------+
|PUF         | A*B         | 4      | 4      | -      | -      | 8      | 0    | 0    | -    | -    | -     | 0    | 0    | 
|PUF         | A*B         | 4      | 4      | -      | -      | 8      | 0    | 0    | -    | -    | -     | 0    | 0    | 
+------------+-------------+--------+--------+--------+--------+--------+------+------+------+------+-------+------+------+

Note: The table above is a preliminary report that shows the DSPs inferred at the current stage of the synthesis flow. Some DSP may be reimplemented as non DSP primitives later in the synthesis flow. Multiple instantiated DSPs are reported only once.
---------------------------------------------------------------------------------
Finished ROM, RAM, DSP and Shift Register Reporting
---------------------------------------------------------------------------------

Report RTL Partitions: 
+-+--------------+------------+----------+
| |RTL Partition |Replication |Instances |
+-+--------------+------------+----------+
+-+--------------+------------+----------+
---------------------------------------------------------------------------------
Start Applying XDC Timing Constraints
---------------------------------------------------------------------------------
---------------------------------------------------------------------------------
Finished Applying XDC Timing Constraints : Time (s): cpu = 00:00:49 ; elapsed = 00:01:15 . Memory (MB): peak = 860.789 ; gain = 553.668
---------------------------------------------------------------------------------
---------------------------------------------------------------------------------
Start Timing Optimization
---------------------------------------------------------------------------------
---------------------------------------------------------------------------------
Finished Timing Optimization : Time (s): cpu = 00:00:49 ; elapsed = 00:01:15 . Memory (MB): peak = 861.164 ; gain = 554.043
---------------------------------------------------------------------------------

Report RTL Partitions: 
+-+--------------+------------+----------+
| |RTL Partition |Replication |Instances |
+-+--------------+------------+----------+
+-+--------------+------------+----------+
---------------------------------------------------------------------------------
Start Technology Mapping
---------------------------------------------------------------------------------
---------------------------------------------------------------------------------
Finished Technology Mapping : Time (s): cpu = 00:00:49 ; elapsed = 00:01:16 . Memory (MB): peak = 870.918 ; gain = 563.797
---------------------------------------------------------------------------------

Report RTL Partitions: 
+-+--------------+------------+----------+
| |RTL Partition |Replication |Instances |
+-+--------------+------------+----------+
+-+--------------+------------+----------+
---------------------------------------------------------------------------------
Start IO Insertion
---------------------------------------------------------------------------------
---------------------------------------------------------------------------------
Start Flattening Before IO Insertion
---------------------------------------------------------------------------------
---------------------------------------------------------------------------------
Finished Flattening Before IO Insertion
---------------------------------------------------------------------------------
---------------------------------------------------------------------------------
Start Final Netlist Cleanup
---------------------------------------------------------------------------------
---------------------------------------------------------------------------------
Finished Final Netlist Cleanup
---------------------------------------------------------------------------------
---------------------------------------------------------------------------------
Finished IO Insertion : Time (s): cpu = 00:00:50 ; elapsed = 00:01:16 . Memory (MB): peak = 870.918 ; gain = 563.797
---------------------------------------------------------------------------------

Report Check Netlist: 
+------+------------------+-------+---------+-------+------------------+
|      |Item              |Errors |Warnings |Status |Description       |
+------+------------------+-------+---------+-------+------------------+
|1     |multi_driven_nets |      0|        0|Passed |Multi driven nets |
+------+------------------+-------+---------+-------+------------------+
---------------------------------------------------------------------------------
Start Renaming Generated Instances
---------------------------------------------------------------------------------
---------------------------------------------------------------------------------
Finished Renaming Generated Instances : Time (s): cpu = 00:00:50 ; elapsed = 00:01:17 . Memory (MB): peak = 870.918 ; gain = 563.797
---------------------------------------------------------------------------------

Report RTL Partitions: 
+-+--------------+------------+----------+
| |RTL Partition |Replication |Instances |
+-+--------------+------------+----------+
+-+--------------+------------+----------+
---------------------------------------------------------------------------------
Start Rebuilding User Hierarchy
---------------------------------------------------------------------------------
---------------------------------------------------------------------------------
Finished Rebuilding User Hierarchy : Time (s): cpu = 00:00:50 ; elapsed = 00:01:17 . Memory (MB): peak = 870.918 ; gain = 563.797
---------------------------------------------------------------------------------
---------------------------------------------------------------------------------
Start Renaming Generated Ports
---------------------------------------------------------------------------------
---------------------------------------------------------------------------------
Finished Renaming Generated Ports : Time (s): cpu = 00:00:50 ; elapsed = 00:01:17 . Memory (MB): peak = 870.918 ; gain = 563.797
---------------------------------------------------------------------------------
---------------------------------------------------------------------------------
Start Handling Custom Attributes
---------------------------------------------------------------------------------
---------------------------------------------------------------------------------
Finished Handling Custom Attributes : Time (s): cpu = 00:00:50 ; elapsed = 00:01:17 . Memory (MB): peak = 870.918 ; gain = 563.797
---------------------------------------------------------------------------------
---------------------------------------------------------------------------------
Start Renaming Generated Nets
---------------------------------------------------------------------------------
---------------------------------------------------------------------------------
Finished Renaming Generated Nets : Time (s): cpu = 00:00:50 ; elapsed = 00:01:17 . Memory (MB): peak = 870.918 ; gain = 563.797
---------------------------------------------------------------------------------
---------------------------------------------------------------------------------
Start Writing Synthesis Report
---------------------------------------------------------------------------------

Report BlackBoxes: 
+-+--------------+----------+
| |BlackBox name |Instances |
+-+--------------+----------+
+-+--------------+----------+

Report Cell Usage: 
+------+--------+------+
|      |Cell    |Count |
+------+--------+------+
|1     |DSP48E1 |     2|
|2     |LUT6    |   512|
|3     |FD      |     8|
+------+--------+------+

Report Instance Areas: 
+------+------------------------+-------------------+------+
|      |Instance                |Module             |Cells |
+------+------------------------+-------------------+------+
|1     |top                     |                   |   522|
|2     |  inst                  |PUF                |   522|
|3     |    bottom0             |PUF_unit_v2        |    32|
|4     |      Tune              |Coarse_Tune_v2     |    32|
|5     |        \Coarse[0].PC   |PDL_Coarse_494     |     1|
|6     |        \Coarse[10].PC  |PDL_Coarse_495     |     1|
|7     |        \Coarse[11].PC  |PDL_Coarse_496     |     1|
|8     |        \Coarse[12].PC  |PDL_Coarse_497     |     1|
|9     |        \Coarse[13].PC  |PDL_Coarse_498     |     1|
|10    |        \Coarse[14].PC  |PDL_Coarse_499     |     1|
|11    |        \Coarse[15].PC  |PDL_Coarse_500     |     1|
|12    |        \Coarse[16].PC  |PDL_Coarse_501     |     1|
|13    |        \Coarse[17].PC  |PDL_Coarse_502     |     1|
|14    |        \Coarse[18].PC  |PDL_Coarse_503     |     1|
|15    |        \Coarse[19].PC  |PDL_Coarse_504     |     1|
|16    |        \Coarse[1].PC   |PDL_Coarse_505     |     1|
|17    |        \Coarse[20].PC  |PDL_Coarse_506     |     1|
|18    |        \Coarse[21].PC  |PDL_Coarse_507     |     1|
|19    |        \Coarse[22].PC  |PDL_Coarse_508     |     1|
|20    |        \Coarse[23].PC  |PDL_Coarse_509     |     1|
|21    |        \Coarse[24].PC  |PDL_Coarse_510     |     1|
|22    |        \Coarse[25].PC  |PDL_Coarse_511     |     1|
|23    |        \Coarse[26].PC  |PDL_Coarse_512     |     1|
|24    |        \Coarse[27].PC  |PDL_Coarse_513     |     1|
|25    |        \Coarse[28].PC  |PDL_Coarse_514     |     1|
|26    |        \Coarse[29].PC  |PDL_Coarse_515     |     1|
|27    |        \Coarse[2].PC   |PDL_Coarse_516     |     1|
|28    |        \Coarse[30].PC  |PDL_Coarse_517     |     1|
|29    |        \Coarse[31].PC  |PDL_Coarse_518     |     1|
|30    |        \Coarse[3].PC   |PDL_Coarse_519     |     1|
|31    |        \Coarse[4].PC   |PDL_Coarse_520     |     1|
|32    |        \Coarse[5].PC   |PDL_Coarse_521     |     1|
|33    |        \Coarse[6].PC   |PDL_Coarse_522     |     1|
|34    |        \Coarse[7].PC   |PDL_Coarse_523     |     1|
|35    |        \Coarse[8].PC   |PDL_Coarse_524     |     1|
|36    |        \Coarse[9].PC   |PDL_Coarse_525     |     1|
|37    |    bottom1             |PUF_unit_v2_0      |    32|
|38    |      Tune              |Coarse_Tune_v2__14 |    32|
|39    |        \Coarse[0].PC   |PDL_Coarse_462     |     1|
|40    |        \Coarse[10].PC  |PDL_Coarse_463     |     1|
|41    |        \Coarse[11].PC  |PDL_Coarse_464     |     1|
|42    |        \Coarse[12].PC  |PDL_Coarse_465     |     1|
|43    |        \Coarse[13].PC  |PDL_Coarse_466     |     1|
|44    |        \Coarse[14].PC  |PDL_Coarse_467     |     1|
|45    |        \Coarse[15].PC  |PDL_Coarse_468     |     1|
|46    |        \Coarse[16].PC  |PDL_Coarse_469     |     1|
|47    |        \Coarse[17].PC  |PDL_Coarse_470     |     1|
|48    |        \Coarse[18].PC  |PDL_Coarse_471     |     1|
|49    |        \Coarse[19].PC  |PDL_Coarse_472     |     1|
|50    |        \Coarse[1].PC   |PDL_Coarse_473     |     1|
|51    |        \Coarse[20].PC  |PDL_Coarse_474     |     1|
|52    |        \Coarse[21].PC  |PDL_Coarse_475     |     1|
|53    |        \Coarse[22].PC  |PDL_Coarse_476     |     1|
|54    |        \Coarse[23].PC  |PDL_Coarse_477     |     1|
|55    |        \Coarse[24].PC  |PDL_Coarse_478     |     1|
|56    |        \Coarse[25].PC  |PDL_Coarse_479     |     1|
|57    |        \Coarse[26].PC  |PDL_Coarse_480     |     1|
|58    |        \Coarse[27].PC  |PDL_Coarse_481     |     1|
|59    |        \Coarse[28].PC  |PDL_Coarse_482     |     1|
|60    |        \Coarse[29].PC  |PDL_Coarse_483     |     1|
|61    |        \Coarse[2].PC   |PDL_Coarse_484     |     1|
|62    |        \Coarse[30].PC  |PDL_Coarse_485     |     1|
|63    |        \Coarse[31].PC  |PDL_Coarse_486     |     1|
|64    |        \Coarse[3].PC   |PDL_Coarse_487     |     1|
|65    |        \Coarse[4].PC   |PDL_Coarse_488     |     1|
|66    |        \Coarse[5].PC   |PDL_Coarse_489     |     1|
|67    |        \Coarse[6].PC   |PDL_Coarse_490     |     1|
|68    |        \Coarse[7].PC   |PDL_Coarse_491     |     1|
|69    |        \Coarse[8].PC   |PDL_Coarse_492     |     1|
|70    |        \Coarse[9].PC   |PDL_Coarse_493     |     1|
|71    |    bottom2             |PUF_unit_v2_1      |    32|
|72    |      Tune              |Coarse_Tune_v2__12 |    32|
|73    |        \Coarse[0].PC   |PDL_Coarse_430     |     1|
|74    |        \Coarse[10].PC  |PDL_Coarse_431     |     1|
|75    |        \Coarse[11].PC  |PDL_Coarse_432     |     1|
|76    |        \Coarse[12].PC  |PDL_Coarse_433     |     1|
|77    |        \Coarse[13].PC  |PDL_Coarse_434     |     1|
|78    |        \Coarse[14].PC  |PDL_Coarse_435     |     1|
|79    |        \Coarse[15].PC  |PDL_Coarse_436     |     1|
|80    |        \Coarse[16].PC  |PDL_Coarse_437     |     1|
|81    |        \Coarse[17].PC  |PDL_Coarse_438     |     1|
|82    |        \Coarse[18].PC  |PDL_Coarse_439     |     1|
|83    |        \Coarse[19].PC  |PDL_Coarse_440     |     1|
|84    |        \Coarse[1].PC   |PDL_Coarse_441     |     1|
|85    |        \Coarse[20].PC  |PDL_Coarse_442     |     1|
|86    |        \Coarse[21].PC  |PDL_Coarse_443     |     1|
|87    |        \Coarse[22].PC  |PDL_Coarse_444     |     1|
|88    |        \Coarse[23].PC  |PDL_Coarse_445     |     1|
|89    |        \Coarse[24].PC  |PDL_Coarse_446     |     1|
|90    |        \Coarse[25].PC  |PDL_Coarse_447     |     1|
|91    |        \Coarse[26].PC  |PDL_Coarse_448     |     1|
|92    |        \Coarse[27].PC  |PDL_Coarse_449     |     1|
|93    |        \Coarse[28].PC  |PDL_Coarse_450     |     1|
|94    |        \Coarse[29].PC  |PDL_Coarse_451     |     1|
|95    |        \Coarse[2].PC   |PDL_Coarse_452     |     1|
|96    |        \Coarse[30].PC  |PDL_Coarse_453     |     1|
|97    |        \Coarse[31].PC  |PDL_Coarse_454     |     1|
|98    |        \Coarse[3].PC   |PDL_Coarse_455     |     1|
|99    |        \Coarse[4].PC   |PDL_Coarse_456     |     1|
|100   |        \Coarse[5].PC   |PDL_Coarse_457     |     1|
|101   |        \Coarse[6].PC   |PDL_Coarse_458     |     1|
|102   |        \Coarse[7].PC   |PDL_Coarse_459     |     1|
|103   |        \Coarse[8].PC   |PDL_Coarse_460     |     1|
|104   |        \Coarse[9].PC   |PDL_Coarse_461     |     1|
|105   |    bottom3             |PUF_unit_v2_2      |    32|
|106   |      Tune              |Coarse_Tune_v2__10 |    32|
|107   |        \Coarse[0].PC   |PDL_Coarse_398     |     1|
|108   |        \Coarse[10].PC  |PDL_Coarse_399     |     1|
|109   |        \Coarse[11].PC  |PDL_Coarse_400     |     1|
|110   |        \Coarse[12].PC  |PDL_Coarse_401     |     1|
|111   |        \Coarse[13].PC  |PDL_Coarse_402     |     1|
|112   |        \Coarse[14].PC  |PDL_Coarse_403     |     1|
|113   |        \Coarse[15].PC  |PDL_Coarse_404     |     1|
|114   |        \Coarse[16].PC  |PDL_Coarse_405     |     1|
|115   |        \Coarse[17].PC  |PDL_Coarse_406     |     1|
|116   |        \Coarse[18].PC  |PDL_Coarse_407     |     1|
|117   |        \Coarse[19].PC  |PDL_Coarse_408     |     1|
|118   |        \Coarse[1].PC   |PDL_Coarse_409     |     1|
|119   |        \Coarse[20].PC  |PDL_Coarse_410     |     1|
|120   |        \Coarse[21].PC  |PDL_Coarse_411     |     1|
|121   |        \Coarse[22].PC  |PDL_Coarse_412     |     1|
|122   |        \Coarse[23].PC  |PDL_Coarse_413     |     1|
|123   |        \Coarse[24].PC  |PDL_Coarse_414     |     1|
|124   |        \Coarse[25].PC  |PDL_Coarse_415     |     1|
|125   |        \Coarse[26].PC  |PDL_Coarse_416     |     1|
|126   |        \Coarse[27].PC  |PDL_Coarse_417     |     1|
|127   |        \Coarse[28].PC  |PDL_Coarse_418     |     1|
|128   |        \Coarse[29].PC  |PDL_Coarse_419     |     1|
|129   |        \Coarse[2].PC   |PDL_Coarse_420     |     1|
|130   |        \Coarse[30].PC  |PDL_Coarse_421     |     1|
|131   |        \Coarse[31].PC  |PDL_Coarse_422     |     1|
|132   |        \Coarse[3].PC   |PDL_Coarse_423     |     1|
|133   |        \Coarse[4].PC   |PDL_Coarse_424     |     1|
|134   |        \Coarse[5].PC   |PDL_Coarse_425     |     1|
|135   |        \Coarse[6].PC   |PDL_Coarse_426     |     1|
|136   |        \Coarse[7].PC   |PDL_Coarse_427     |     1|
|137   |        \Coarse[8].PC   |PDL_Coarse_428     |     1|
|138   |        \Coarse[9].PC   |PDL_Coarse_429     |     1|
|139   |    bottom4             |PUF_unit_v2_3      |    32|
|140   |      Tune              |Coarse_Tune_v2__8  |    32|
|141   |        \Coarse[0].PC   |PDL_Coarse_366     |     1|
|142   |        \Coarse[10].PC  |PDL_Coarse_367     |     1|
|143   |        \Coarse[11].PC  |PDL_Coarse_368     |     1|
|144   |        \Coarse[12].PC  |PDL_Coarse_369     |     1|
|145   |        \Coarse[13].PC  |PDL_Coarse_370     |     1|
|146   |        \Coarse[14].PC  |PDL_Coarse_371     |     1|
|147   |        \Coarse[15].PC  |PDL_Coarse_372     |     1|
|148   |        \Coarse[16].PC  |PDL_Coarse_373     |     1|
|149   |        \Coarse[17].PC  |PDL_Coarse_374     |     1|
|150   |        \Coarse[18].PC  |PDL_Coarse_375     |     1|
|151   |        \Coarse[19].PC  |PDL_Coarse_376     |     1|
|152   |        \Coarse[1].PC   |PDL_Coarse_377     |     1|
|153   |        \Coarse[20].PC  |PDL_Coarse_378     |     1|
|154   |        \Coarse[21].PC  |PDL_Coarse_379     |     1|
|155   |        \Coarse[22].PC  |PDL_Coarse_380     |     1|
|156   |        \Coarse[23].PC  |PDL_Coarse_381     |     1|
|157   |        \Coarse[24].PC  |PDL_Coarse_382     |     1|
|158   |        \Coarse[25].PC  |PDL_Coarse_383     |     1|
|159   |        \Coarse[26].PC  |PDL_Coarse_384     |     1|
|160   |        \Coarse[27].PC  |PDL_Coarse_385     |     1|
|161   |        \Coarse[28].PC  |PDL_Coarse_386     |     1|
|162   |        \Coarse[29].PC  |PDL_Coarse_387     |     1|
|163   |        \Coarse[2].PC   |PDL_Coarse_388     |     1|
|164   |        \Coarse[30].PC  |PDL_Coarse_389     |     1|
|165   |        \Coarse[31].PC  |PDL_Coarse_390     |     1|
|166   |        \Coarse[3].PC   |PDL_Coarse_391     |     1|
|167   |        \Coarse[4].PC   |PDL_Coarse_392     |     1|
|168   |        \Coarse[5].PC   |PDL_Coarse_393     |     1|
|169   |        \Coarse[6].PC   |PDL_Coarse_394     |     1|
|170   |        \Coarse[7].PC   |PDL_Coarse_395     |     1|
|171   |        \Coarse[8].PC   |PDL_Coarse_396     |     1|
|172   |        \Coarse[9].PC   |PDL_Coarse_397     |     1|
|173   |    bottom5             |PUF_unit_v2_4      |    32|
|174   |      Tune              |Coarse_Tune_v2__6  |    32|
|175   |        \Coarse[0].PC   |PDL_Coarse_334     |     1|
|176   |        \Coarse[10].PC  |PDL_Coarse_335     |     1|
|177   |        \Coarse[11].PC  |PDL_Coarse_336     |     1|
|178   |        \Coarse[12].PC  |PDL_Coarse_337     |     1|
|179   |        \Coarse[13].PC  |PDL_Coarse_338     |     1|
|180   |        \Coarse[14].PC  |PDL_Coarse_339     |     1|
|181   |        \Coarse[15].PC  |PDL_Coarse_340     |     1|
|182   |        \Coarse[16].PC  |PDL_Coarse_341     |     1|
|183   |        \Coarse[17].PC  |PDL_Coarse_342     |     1|
|184   |        \Coarse[18].PC  |PDL_Coarse_343     |     1|
|185   |        \Coarse[19].PC  |PDL_Coarse_344     |     1|
|186   |        \Coarse[1].PC   |PDL_Coarse_345     |     1|
|187   |        \Coarse[20].PC  |PDL_Coarse_346     |     1|
|188   |        \Coarse[21].PC  |PDL_Coarse_347     |     1|
|189   |        \Coarse[22].PC  |PDL_Coarse_348     |     1|
|190   |        \Coarse[23].PC  |PDL_Coarse_349     |     1|
|191   |        \Coarse[24].PC  |PDL_Coarse_350     |     1|
|192   |        \Coarse[25].PC  |PDL_Coarse_351     |     1|
|193   |        \Coarse[26].PC  |PDL_Coarse_352     |     1|
|194   |        \Coarse[27].PC  |PDL_Coarse_353     |     1|
|195   |        \Coarse[28].PC  |PDL_Coarse_354     |     1|
|196   |        \Coarse[29].PC  |PDL_Coarse_355     |     1|
|197   |        \Coarse[2].PC   |PDL_Coarse_356     |     1|
|198   |        \Coarse[30].PC  |PDL_Coarse_357     |     1|
|199   |        \Coarse[31].PC  |PDL_Coarse_358     |     1|
|200   |        \Coarse[3].PC   |PDL_Coarse_359     |     1|
|201   |        \Coarse[4].PC   |PDL_Coarse_360     |     1|
|202   |        \Coarse[5].PC   |PDL_Coarse_361     |     1|
|203   |        \Coarse[6].PC   |PDL_Coarse_362     |     1|
|204   |        \Coarse[7].PC   |PDL_Coarse_363     |     1|
|205   |        \Coarse[8].PC   |PDL_Coarse_364     |     1|
|206   |        \Coarse[9].PC   |PDL_Coarse_365     |     1|
|207   |    bottom6             |PUF_unit_v2_5      |    32|
|208   |      Tune              |Coarse_Tune_v2__4  |    32|
|209   |        \Coarse[0].PC   |PDL_Coarse_302     |     1|
|210   |        \Coarse[10].PC  |PDL_Coarse_303     |     1|
|211   |        \Coarse[11].PC  |PDL_Coarse_304     |     1|
|212   |        \Coarse[12].PC  |PDL_Coarse_305     |     1|
|213   |        \Coarse[13].PC  |PDL_Coarse_306     |     1|
|214   |        \Coarse[14].PC  |PDL_Coarse_307     |     1|
|215   |        \Coarse[15].PC  |PDL_Coarse_308     |     1|
|216   |        \Coarse[16].PC  |PDL_Coarse_309     |     1|
|217   |        \Coarse[17].PC  |PDL_Coarse_310     |     1|
|218   |        \Coarse[18].PC  |PDL_Coarse_311     |     1|
|219   |        \Coarse[19].PC  |PDL_Coarse_312     |     1|
|220   |        \Coarse[1].PC   |PDL_Coarse_313     |     1|
|221   |        \Coarse[20].PC  |PDL_Coarse_314     |     1|
|222   |        \Coarse[21].PC  |PDL_Coarse_315     |     1|
|223   |        \Coarse[22].PC  |PDL_Coarse_316     |     1|
|224   |        \Coarse[23].PC  |PDL_Coarse_317     |     1|
|225   |        \Coarse[24].PC  |PDL_Coarse_318     |     1|
|226   |        \Coarse[25].PC  |PDL_Coarse_319     |     1|
|227   |        \Coarse[26].PC  |PDL_Coarse_320     |     1|
|228   |        \Coarse[27].PC  |PDL_Coarse_321     |     1|
|229   |        \Coarse[28].PC  |PDL_Coarse_322     |     1|
|230   |        \Coarse[29].PC  |PDL_Coarse_323     |     1|
|231   |        \Coarse[2].PC   |PDL_Coarse_324     |     1|
|232   |        \Coarse[30].PC  |PDL_Coarse_325     |     1|
|233   |        \Coarse[31].PC  |PDL_Coarse_326     |     1|
|234   |        \Coarse[3].PC   |PDL_Coarse_327     |     1|
|235   |        \Coarse[4].PC   |PDL_Coarse_328     |     1|
|236   |        \Coarse[5].PC   |PDL_Coarse_329     |     1|
|237   |        \Coarse[6].PC   |PDL_Coarse_330     |     1|
|238   |        \Coarse[7].PC   |PDL_Coarse_331     |     1|
|239   |        \Coarse[8].PC   |PDL_Coarse_332     |     1|
|240   |        \Coarse[9].PC   |PDL_Coarse_333     |     1|
|241   |    bottom7             |PUF_unit_v2_6      |    32|
|242   |      Tune              |Coarse_Tune_v2__2  |    32|
|243   |        \Coarse[0].PC   |PDL_Coarse_270     |     1|
|244   |        \Coarse[10].PC  |PDL_Coarse_271     |     1|
|245   |        \Coarse[11].PC  |PDL_Coarse_272     |     1|
|246   |        \Coarse[12].PC  |PDL_Coarse_273     |     1|
|247   |        \Coarse[13].PC  |PDL_Coarse_274     |     1|
|248   |        \Coarse[14].PC  |PDL_Coarse_275     |     1|
|249   |        \Coarse[15].PC  |PDL_Coarse_276     |     1|
|250   |        \Coarse[16].PC  |PDL_Coarse_277     |     1|
|251   |        \Coarse[17].PC  |PDL_Coarse_278     |     1|
|252   |        \Coarse[18].PC  |PDL_Coarse_279     |     1|
|253   |        \Coarse[19].PC  |PDL_Coarse_280     |     1|
|254   |        \Coarse[1].PC   |PDL_Coarse_281     |     1|
|255   |        \Coarse[20].PC  |PDL_Coarse_282     |     1|
|256   |        \Coarse[21].PC  |PDL_Coarse_283     |     1|
|257   |        \Coarse[22].PC  |PDL_Coarse_284     |     1|
|258   |        \Coarse[23].PC  |PDL_Coarse_285     |     1|
|259   |        \Coarse[24].PC  |PDL_Coarse_286     |     1|
|260   |        \Coarse[25].PC  |PDL_Coarse_287     |     1|
|261   |        \Coarse[26].PC  |PDL_Coarse_288     |     1|
|262   |        \Coarse[27].PC  |PDL_Coarse_289     |     1|
|263   |        \Coarse[28].PC  |PDL_Coarse_290     |     1|
|264   |        \Coarse[29].PC  |PDL_Coarse_291     |     1|
|265   |        \Coarse[2].PC   |PDL_Coarse_292     |     1|
|266   |        \Coarse[30].PC  |PDL_Coarse_293     |     1|
|267   |        \Coarse[31].PC  |PDL_Coarse_294     |     1|
|268   |        \Coarse[3].PC   |PDL_Coarse_295     |     1|
|269   |        \Coarse[4].PC   |PDL_Coarse_296     |     1|
|270   |        \Coarse[5].PC   |PDL_Coarse_297     |     1|
|271   |        \Coarse[6].PC   |PDL_Coarse_298     |     1|
|272   |        \Coarse[7].PC   |PDL_Coarse_299     |     1|
|273   |        \Coarse[8].PC   |PDL_Coarse_300     |     1|
|274   |        \Coarse[9].PC   |PDL_Coarse_301     |     1|
|275   |    top0                |PUF_unit_v2_7      |    32|
|276   |      Tune              |Coarse_Tune_v2__15 |    32|
|277   |        \Coarse[0].PC   |PDL_Coarse_238     |     1|
|278   |        \Coarse[10].PC  |PDL_Coarse_239     |     1|
|279   |        \Coarse[11].PC  |PDL_Coarse_240     |     1|
|280   |        \Coarse[12].PC  |PDL_Coarse_241     |     1|
|281   |        \Coarse[13].PC  |PDL_Coarse_242     |     1|
|282   |        \Coarse[14].PC  |PDL_Coarse_243     |     1|
|283   |        \Coarse[15].PC  |PDL_Coarse_244     |     1|
|284   |        \Coarse[16].PC  |PDL_Coarse_245     |     1|
|285   |        \Coarse[17].PC  |PDL_Coarse_246     |     1|
|286   |        \Coarse[18].PC  |PDL_Coarse_247     |     1|
|287   |        \Coarse[19].PC  |PDL_Coarse_248     |     1|
|288   |        \Coarse[1].PC   |PDL_Coarse_249     |     1|
|289   |        \Coarse[20].PC  |PDL_Coarse_250     |     1|
|290   |        \Coarse[21].PC  |PDL_Coarse_251     |     1|
|291   |        \Coarse[22].PC  |PDL_Coarse_252     |     1|
|292   |        \Coarse[23].PC  |PDL_Coarse_253     |     1|
|293   |        \Coarse[24].PC  |PDL_Coarse_254     |     1|
|294   |        \Coarse[25].PC  |PDL_Coarse_255     |     1|
|295   |        \Coarse[26].PC  |PDL_Coarse_256     |     1|
|296   |        \Coarse[27].PC  |PDL_Coarse_257     |     1|
|297   |        \Coarse[28].PC  |PDL_Coarse_258     |     1|
|298   |        \Coarse[29].PC  |PDL_Coarse_259     |     1|
|299   |        \Coarse[2].PC   |PDL_Coarse_260     |     1|
|300   |        \Coarse[30].PC  |PDL_Coarse_261     |     1|
|301   |        \Coarse[31].PC  |PDL_Coarse_262     |     1|
|302   |        \Coarse[3].PC   |PDL_Coarse_263     |     1|
|303   |        \Coarse[4].PC   |PDL_Coarse_264     |     1|
|304   |        \Coarse[5].PC   |PDL_Coarse_265     |     1|
|305   |        \Coarse[6].PC   |PDL_Coarse_266     |     1|
|306   |        \Coarse[7].PC   |PDL_Coarse_267     |     1|
|307   |        \Coarse[8].PC   |PDL_Coarse_268     |     1|
|308   |        \Coarse[9].PC   |PDL_Coarse_269     |     1|
|309   |    top1                |PUF_unit_v2_8      |    32|
|310   |      Tune              |Coarse_Tune_v2__13 |    32|
|311   |        \Coarse[0].PC   |PDL_Coarse_206     |     1|
|312   |        \Coarse[10].PC  |PDL_Coarse_207     |     1|
|313   |        \Coarse[11].PC  |PDL_Coarse_208     |     1|
|314   |        \Coarse[12].PC  |PDL_Coarse_209     |     1|
|315   |        \Coarse[13].PC  |PDL_Coarse_210     |     1|
|316   |        \Coarse[14].PC  |PDL_Coarse_211     |     1|
|317   |        \Coarse[15].PC  |PDL_Coarse_212     |     1|
|318   |        \Coarse[16].PC  |PDL_Coarse_213     |     1|
|319   |        \Coarse[17].PC  |PDL_Coarse_214     |     1|
|320   |        \Coarse[18].PC  |PDL_Coarse_215     |     1|
|321   |        \Coarse[19].PC  |PDL_Coarse_216     |     1|
|322   |        \Coarse[1].PC   |PDL_Coarse_217     |     1|
|323   |        \Coarse[20].PC  |PDL_Coarse_218     |     1|
|324   |        \Coarse[21].PC  |PDL_Coarse_219     |     1|
|325   |        \Coarse[22].PC  |PDL_Coarse_220     |     1|
|326   |        \Coarse[23].PC  |PDL_Coarse_221     |     1|
|327   |        \Coarse[24].PC  |PDL_Coarse_222     |     1|
|328   |        \Coarse[25].PC  |PDL_Coarse_223     |     1|
|329   |        \Coarse[26].PC  |PDL_Coarse_224     |     1|
|330   |        \Coarse[27].PC  |PDL_Coarse_225     |     1|
|331   |        \Coarse[28].PC  |PDL_Coarse_226     |     1|
|332   |        \Coarse[29].PC  |PDL_Coarse_227     |     1|
|333   |        \Coarse[2].PC   |PDL_Coarse_228     |     1|
|334   |        \Coarse[30].PC  |PDL_Coarse_229     |     1|
|335   |        \Coarse[31].PC  |PDL_Coarse_230     |     1|
|336   |        \Coarse[3].PC   |PDL_Coarse_231     |     1|
|337   |        \Coarse[4].PC   |PDL_Coarse_232     |     1|
|338   |        \Coarse[5].PC   |PDL_Coarse_233     |     1|
|339   |        \Coarse[6].PC   |PDL_Coarse_234     |     1|
|340   |        \Coarse[7].PC   |PDL_Coarse_235     |     1|
|341   |        \Coarse[8].PC   |PDL_Coarse_236     |     1|
|342   |        \Coarse[9].PC   |PDL_Coarse_237     |     1|
|343   |    top2                |PUF_unit_v2_9      |    32|
|344   |      Tune              |Coarse_Tune_v2__11 |    32|
|345   |        \Coarse[0].PC   |PDL_Coarse_174     |     1|
|346   |        \Coarse[10].PC  |PDL_Coarse_175     |     1|
|347   |        \Coarse[11].PC  |PDL_Coarse_176     |     1|
|348   |        \Coarse[12].PC  |PDL_Coarse_177     |     1|
|349   |        \Coarse[13].PC  |PDL_Coarse_178     |     1|
|350   |        \Coarse[14].PC  |PDL_Coarse_179     |     1|
|351   |        \Coarse[15].PC  |PDL_Coarse_180     |     1|
|352   |        \Coarse[16].PC  |PDL_Coarse_181     |     1|
|353   |        \Coarse[17].PC  |PDL_Coarse_182     |     1|
|354   |        \Coarse[18].PC  |PDL_Coarse_183     |     1|
|355   |        \Coarse[19].PC  |PDL_Coarse_184     |     1|
|356   |        \Coarse[1].PC   |PDL_Coarse_185     |     1|
|357   |        \Coarse[20].PC  |PDL_Coarse_186     |     1|
|358   |        \Coarse[21].PC  |PDL_Coarse_187     |     1|
|359   |        \Coarse[22].PC  |PDL_Coarse_188     |     1|
|360   |        \Coarse[23].PC  |PDL_Coarse_189     |     1|
|361   |        \Coarse[24].PC  |PDL_Coarse_190     |     1|
|362   |        \Coarse[25].PC  |PDL_Coarse_191     |     1|
|363   |        \Coarse[26].PC  |PDL_Coarse_192     |     1|
|364   |        \Coarse[27].PC  |PDL_Coarse_193     |     1|
|365   |        \Coarse[28].PC  |PDL_Coarse_194     |     1|
|366   |        \Coarse[29].PC  |PDL_Coarse_195     |     1|
|367   |        \Coarse[2].PC   |PDL_Coarse_196     |     1|
|368   |        \Coarse[30].PC  |PDL_Coarse_197     |     1|
|369   |        \Coarse[31].PC  |PDL_Coarse_198     |     1|
|370   |        \Coarse[3].PC   |PDL_Coarse_199     |     1|
|371   |        \Coarse[4].PC   |PDL_Coarse_200     |     1|
|372   |        \Coarse[5].PC   |PDL_Coarse_201     |     1|
|373   |        \Coarse[6].PC   |PDL_Coarse_202     |     1|
|374   |        \Coarse[7].PC   |PDL_Coarse_203     |     1|
|375   |        \Coarse[8].PC   |PDL_Coarse_204     |     1|
|376   |        \Coarse[9].PC   |PDL_Coarse_205     |     1|
|377   |    top3                |PUF_unit_v2_10     |    32|
|378   |      Tune              |Coarse_Tune_v2__9  |    32|
|379   |        \Coarse[0].PC   |PDL_Coarse_142     |     1|
|380   |        \Coarse[10].PC  |PDL_Coarse_143     |     1|
|381   |        \Coarse[11].PC  |PDL_Coarse_144     |     1|
|382   |        \Coarse[12].PC  |PDL_Coarse_145     |     1|
|383   |        \Coarse[13].PC  |PDL_Coarse_146     |     1|
|384   |        \Coarse[14].PC  |PDL_Coarse_147     |     1|
|385   |        \Coarse[15].PC  |PDL_Coarse_148     |     1|
|386   |        \Coarse[16].PC  |PDL_Coarse_149     |     1|
|387   |        \Coarse[17].PC  |PDL_Coarse_150     |     1|
|388   |        \Coarse[18].PC  |PDL_Coarse_151     |     1|
|389   |        \Coarse[19].PC  |PDL_Coarse_152     |     1|
|390   |        \Coarse[1].PC   |PDL_Coarse_153     |     1|
|391   |        \Coarse[20].PC  |PDL_Coarse_154     |     1|
|392   |        \Coarse[21].PC  |PDL_Coarse_155     |     1|
|393   |        \Coarse[22].PC  |PDL_Coarse_156     |     1|
|394   |        \Coarse[23].PC  |PDL_Coarse_157     |     1|
|395   |        \Coarse[24].PC  |PDL_Coarse_158     |     1|
|396   |        \Coarse[25].PC  |PDL_Coarse_159     |     1|
|397   |        \Coarse[26].PC  |PDL_Coarse_160     |     1|
|398   |        \Coarse[27].PC  |PDL_Coarse_161     |     1|
|399   |        \Coarse[28].PC  |PDL_Coarse_162     |     1|
|400   |        \Coarse[29].PC  |PDL_Coarse_163     |     1|
|401   |        \Coarse[2].PC   |PDL_Coarse_164     |     1|
|402   |        \Coarse[30].PC  |PDL_Coarse_165     |     1|
|403   |        \Coarse[31].PC  |PDL_Coarse_166     |     1|
|404   |        \Coarse[3].PC   |PDL_Coarse_167     |     1|
|405   |        \Coarse[4].PC   |PDL_Coarse_168     |     1|
|406   |        \Coarse[5].PC   |PDL_Coarse_169     |     1|
|407   |        \Coarse[6].PC   |PDL_Coarse_170     |     1|
|408   |        \Coarse[7].PC   |PDL_Coarse_171     |     1|
|409   |        \Coarse[8].PC   |PDL_Coarse_172     |     1|
|410   |        \Coarse[9].PC   |PDL_Coarse_173     |     1|
|411   |    top4                |PUF_unit_v2_11     |    32|
|412   |      Tune              |Coarse_Tune_v2__7  |    32|
|413   |        \Coarse[0].PC   |PDL_Coarse_110     |     1|
|414   |        \Coarse[10].PC  |PDL_Coarse_111     |     1|
|415   |        \Coarse[11].PC  |PDL_Coarse_112     |     1|
|416   |        \Coarse[12].PC  |PDL_Coarse_113     |     1|
|417   |        \Coarse[13].PC  |PDL_Coarse_114     |     1|
|418   |        \Coarse[14].PC  |PDL_Coarse_115     |     1|
|419   |        \Coarse[15].PC  |PDL_Coarse_116     |     1|
|420   |        \Coarse[16].PC  |PDL_Coarse_117     |     1|
|421   |        \Coarse[17].PC  |PDL_Coarse_118     |     1|
|422   |        \Coarse[18].PC  |PDL_Coarse_119     |     1|
|423   |        \Coarse[19].PC  |PDL_Coarse_120     |     1|
|424   |        \Coarse[1].PC   |PDL_Coarse_121     |     1|
|425   |        \Coarse[20].PC  |PDL_Coarse_122     |     1|
|426   |        \Coarse[21].PC  |PDL_Coarse_123     |     1|
|427   |        \Coarse[22].PC  |PDL_Coarse_124     |     1|
|428   |        \Coarse[23].PC  |PDL_Coarse_125     |     1|
|429   |        \Coarse[24].PC  |PDL_Coarse_126     |     1|
|430   |        \Coarse[25].PC  |PDL_Coarse_127     |     1|
|431   |        \Coarse[26].PC  |PDL_Coarse_128     |     1|
|432   |        \Coarse[27].PC  |PDL_Coarse_129     |     1|
|433   |        \Coarse[28].PC  |PDL_Coarse_130     |     1|
|434   |        \Coarse[29].PC  |PDL_Coarse_131     |     1|
|435   |        \Coarse[2].PC   |PDL_Coarse_132     |     1|
|436   |        \Coarse[30].PC  |PDL_Coarse_133     |     1|
|437   |        \Coarse[31].PC  |PDL_Coarse_134     |     1|
|438   |        \Coarse[3].PC   |PDL_Coarse_135     |     1|
|439   |        \Coarse[4].PC   |PDL_Coarse_136     |     1|
|440   |        \Coarse[5].PC   |PDL_Coarse_137     |     1|
|441   |        \Coarse[6].PC   |PDL_Coarse_138     |     1|
|442   |        \Coarse[7].PC   |PDL_Coarse_139     |     1|
|443   |        \Coarse[8].PC   |PDL_Coarse_140     |     1|
|444   |        \Coarse[9].PC   |PDL_Coarse_141     |     1|
|445   |    top5                |PUF_unit_v2_12     |    32|
|446   |      Tune              |Coarse_Tune_v2__5  |    32|
|447   |        \Coarse[0].PC   |PDL_Coarse_78      |     1|
|448   |        \Coarse[10].PC  |PDL_Coarse_79      |     1|
|449   |        \Coarse[11].PC  |PDL_Coarse_80      |     1|
|450   |        \Coarse[12].PC  |PDL_Coarse_81      |     1|
|451   |        \Coarse[13].PC  |PDL_Coarse_82      |     1|
|452   |        \Coarse[14].PC  |PDL_Coarse_83      |     1|
|453   |        \Coarse[15].PC  |PDL_Coarse_84      |     1|
|454   |        \Coarse[16].PC  |PDL_Coarse_85      |     1|
|455   |        \Coarse[17].PC  |PDL_Coarse_86      |     1|
|456   |        \Coarse[18].PC  |PDL_Coarse_87      |     1|
|457   |        \Coarse[19].PC  |PDL_Coarse_88      |     1|
|458   |        \Coarse[1].PC   |PDL_Coarse_89      |     1|
|459   |        \Coarse[20].PC  |PDL_Coarse_90      |     1|
|460   |        \Coarse[21].PC  |PDL_Coarse_91      |     1|
|461   |        \Coarse[22].PC  |PDL_Coarse_92      |     1|
|462   |        \Coarse[23].PC  |PDL_Coarse_93      |     1|
|463   |        \Coarse[24].PC  |PDL_Coarse_94      |     1|
|464   |        \Coarse[25].PC  |PDL_Coarse_95      |     1|
|465   |        \Coarse[26].PC  |PDL_Coarse_96      |     1|
|466   |        \Coarse[27].PC  |PDL_Coarse_97      |     1|
|467   |        \Coarse[28].PC  |PDL_Coarse_98      |     1|
|468   |        \Coarse[29].PC  |PDL_Coarse_99      |     1|
|469   |        \Coarse[2].PC   |PDL_Coarse_100     |     1|
|470   |        \Coarse[30].PC  |PDL_Coarse_101     |     1|
|471   |        \Coarse[31].PC  |PDL_Coarse_102     |     1|
|472   |        \Coarse[3].PC   |PDL_Coarse_103     |     1|
|473   |        \Coarse[4].PC   |PDL_Coarse_104     |     1|
|474   |        \Coarse[5].PC   |PDL_Coarse_105     |     1|
|475   |        \Coarse[6].PC   |PDL_Coarse_106     |     1|
|476   |        \Coarse[7].PC   |PDL_Coarse_107     |     1|
|477   |        \Coarse[8].PC   |PDL_Coarse_108     |     1|
|478   |        \Coarse[9].PC   |PDL_Coarse_109     |     1|
|479   |    top6                |PUF_unit_v2_13     |    32|
|480   |      Tune              |Coarse_Tune_v2__3  |    32|
|481   |        \Coarse[0].PC   |PDL_Coarse_46      |     1|
|482   |        \Coarse[10].PC  |PDL_Coarse_47      |     1|
|483   |        \Coarse[11].PC  |PDL_Coarse_48      |     1|
|484   |        \Coarse[12].PC  |PDL_Coarse_49      |     1|
|485   |        \Coarse[13].PC  |PDL_Coarse_50      |     1|
|486   |        \Coarse[14].PC  |PDL_Coarse_51      |     1|
|487   |        \Coarse[15].PC  |PDL_Coarse_52      |     1|
|488   |        \Coarse[16].PC  |PDL_Coarse_53      |     1|
|489   |        \Coarse[17].PC  |PDL_Coarse_54      |     1|
|490   |        \Coarse[18].PC  |PDL_Coarse_55      |     1|
|491   |        \Coarse[19].PC  |PDL_Coarse_56      |     1|
|492   |        \Coarse[1].PC   |PDL_Coarse_57      |     1|
|493   |        \Coarse[20].PC  |PDL_Coarse_58      |     1|
|494   |        \Coarse[21].PC  |PDL_Coarse_59      |     1|
|495   |        \Coarse[22].PC  |PDL_Coarse_60      |     1|
|496   |        \Coarse[23].PC  |PDL_Coarse_61      |     1|
|497   |        \Coarse[24].PC  |PDL_Coarse_62      |     1|
|498   |        \Coarse[25].PC  |PDL_Coarse_63      |     1|
|499   |        \Coarse[26].PC  |PDL_Coarse_64      |     1|
|500   |        \Coarse[27].PC  |PDL_Coarse_65      |     1|
|501   |        \Coarse[28].PC  |PDL_Coarse_66      |     1|
|502   |        \Coarse[29].PC  |PDL_Coarse_67      |     1|
|503   |        \Coarse[2].PC   |PDL_Coarse_68      |     1|
|504   |        \Coarse[30].PC  |PDL_Coarse_69      |     1|
|505   |        \Coarse[31].PC  |PDL_Coarse_70      |     1|
|506   |        \Coarse[3].PC   |PDL_Coarse_71      |     1|
|507   |        \Coarse[4].PC   |PDL_Coarse_72      |     1|
|508   |        \Coarse[5].PC   |PDL_Coarse_73      |     1|
|509   |        \Coarse[6].PC   |PDL_Coarse_74      |     1|
|510   |        \Coarse[7].PC   |PDL_Coarse_75      |     1|
|511   |        \Coarse[8].PC   |PDL_Coarse_76      |     1|
|512   |        \Coarse[9].PC   |PDL_Coarse_77      |     1|
|513   |    top7                |PUF_unit_v2_14     |    32|
|514   |      Tune              |Coarse_Tune_v2__1  |    32|
|515   |        \Coarse[0].PC   |PDL_Coarse         |     1|
|516   |        \Coarse[10].PC  |PDL_Coarse_15      |     1|
|517   |        \Coarse[11].PC  |PDL_Coarse_16      |     1|
|518   |        \Coarse[12].PC  |PDL_Coarse_17      |     1|
|519   |        \Coarse[13].PC  |PDL_Coarse_18      |     1|
|520   |        \Coarse[14].PC  |PDL_Coarse_19      |     1|
|521   |        \Coarse[15].PC  |PDL_Coarse_20      |     1|
|522   |        \Coarse[16].PC  |PDL_Coarse_21      |     1|
|523   |        \Coarse[17].PC  |PDL_Coarse_22      |     1|
|524   |        \Coarse[18].PC  |PDL_Coarse_23      |     1|
|525   |        \Coarse[19].PC  |PDL_Coarse_24      |     1|
|526   |        \Coarse[1].PC   |PDL_Coarse_25      |     1|
|527   |        \Coarse[20].PC  |PDL_Coarse_26      |     1|
|528   |        \Coarse[21].PC  |PDL_Coarse_27      |     1|
|529   |        \Coarse[22].PC  |PDL_Coarse_28      |     1|
|530   |        \Coarse[23].PC  |PDL_Coarse_29      |     1|
|531   |        \Coarse[24].PC  |PDL_Coarse_30      |     1|
|532   |        \Coarse[25].PC  |PDL_Coarse_31      |     1|
|533   |        \Coarse[26].PC  |PDL_Coarse_32      |     1|
|534   |        \Coarse[27].PC  |PDL_Coarse_33      |     1|
|535   |        \Coarse[28].PC  |PDL_Coarse_34      |     1|
|536   |        \Coarse[29].PC  |PDL_Coarse_35      |     1|
|537   |        \Coarse[2].PC   |PDL_Coarse_36      |     1|
|538   |        \Coarse[30].PC  |PDL_Coarse_37      |     1|
|539   |        \Coarse[31].PC  |PDL_Coarse_38      |     1|
|540   |        \Coarse[3].PC   |PDL_Coarse_39      |     1|
|541   |        \Coarse[4].PC   |PDL_Coarse_40      |     1|
|542   |        \Coarse[5].PC   |PDL_Coarse_41      |     1|
|543   |        \Coarse[6].PC   |PDL_Coarse_42      |     1|
|544   |        \Coarse[7].PC   |PDL_Coarse_43      |     1|
|545   |        \Coarse[8].PC   |PDL_Coarse_44      |     1|
|546   |        \Coarse[9].PC   |PDL_Coarse_45      |     1|
+------+------------------------+-------------------+------+
---------------------------------------------------------------------------------
Finished Writing Synthesis Report : Time (s): cpu = 00:00:51 ; elapsed = 00:01:17 . Memory (MB): peak = 870.918 ; gain = 563.797
---------------------------------------------------------------------------------
Synthesis finished with 0 errors, 0 critical warnings and 1 warnings.
Synthesis Optimization Runtime : Time (s): cpu = 00:00:32 ; elapsed = 00:00:54 . Memory (MB): peak = 870.918 ; gain = 217.383
Synthesis Optimization Complete : Time (s): cpu = 00:00:51 ; elapsed = 00:01:17 . Memory (MB): peak = 870.918 ; gain = 563.797
INFO: [Project 1-571] Translating synthesized netlist
INFO: [Netlist 29-17] Analyzing 10 Unisim elements for replacement
INFO: [Netlist 29-28] Unisim Transformation completed in 0 CPU seconds
INFO: [Project 1-570] Preparing netlist for logic optimization
INFO: [Opt 31-138] Pushed 0 inverter(s) to 0 load pin(s).
INFO: [Project 1-111] Unisim Transformation Summary:
  A total of 8 instances were transformed.
  FD => FDRE: 8 instances

INFO: [Common 17-83] Releasing license: Synthesis
33 Infos, 6 Warnings, 0 Critical Warnings and 0 Errors encountered.
synth_design completed successfully
synth_design: Time (s): cpu = 00:00:53 ; elapsed = 00:01:19 . Memory (MB): peak = 870.918 ; gain = 575.270
INFO: [Common 17-1381] The checkpoint 'C:/Users/Mayunk/Desktop/ECE268/long_puf/long_puf.runs/long_puf_long_puf_0_0_synth_1/long_puf_long_puf_0_0.dcp' has been generated.
